<?xml version="1.0" encoding="UTF-8"?>
<!-- Generated by org.testng.reporters.JUnitReportReporter -->
<testsuite hostname="Shankar_Laptop" failures="0" tests="2" name="testCases.TestCaseForLapTopOrder" time="17.712" errors="0" timestamp="2024-07-28T16:16:43 IST" skipped="0">
  <testcase classname="testCases.TestCaseForLapTopOrder" name="lapTopOrder" time="8.411"/>
  <system-out/>
  <testcase classname="testCases.TestCaseForLapTopOrder" name="autoSuggestions" time="9.301"/>
  <system-out/>
</testsuite> <!-- testCases.TestCaseForLapTopOrder -->
