<?xml version="1.0" encoding="UTF-8"?>
<!-- Generated by org.testng.reporters.JUnitReportReporter -->
<testsuite hostname="Shankar_Laptop" failures="0" tests="2" name="testCases.TestCasesForFlipkart" time="20.413" errors="0" timestamp="2024-07-28T17:20:28 IST" skipped="0">
  <testcase classname="testCases.TestCasesForFlipkart" name="lapTopOrder" time="8.785"/>
  <system-out/>
  <testcase classname="testCases.TestCasesForFlipkart" name="autoSuggestions" time="11.628"/>
  <system-out/>
</testsuite> <!-- testCases.TestCasesForFlipkart -->
